
                            < M A T L A B (R) >
                  Copyright 1984-2017 The MathWorks, Inc.
                   R2017a (9.2.0.556344) 64-bit (maci64)
                               March 27, 2017

 
To get started, type one of these: helpwin, helpdesk, or demo.
For product information, visit www.mathworks.com.
 
>> >> >> >> >> >> >> >> >> >> >> >> >> >> >> >> >> >> >> >> >> >> >> >> >> >> >> >> >> >> >> >> >> >> >> >> >> >> >> >> >> >> >>    -0.7659   -1.4034
   -1.5465   -1.5474
   -1.1075   -0.3422
   -0.8103   -0.6211
   -0.2235   -1.2776
   -0.4300   -0.8356
   -1.1824   -0.5037
   -0.3019   -0.5404
    0.0604   -0.8563
   -0.2311   -1.0321
   -0.6079   -0.4728
   -0.4505   -1.0997
   -1.7059   -0.9513
   -1.3305   -0.6766
   -1.6115   -0.5221
   -1.0338   -0.5904
   -0.5939   -1.1502
   -1.1670   -1.6390
   -1.9212   -0.7866
   -1.8008   -1.1571
   -0.9587   -1.6821
   -0.3136   -0.8653
   -0.0771   -0.6148
   -0.1129   -1.1716
   -0.6629   -1.3937
   -1.4227   -1.4047
   -1.5796   -0.9359
   -1.4436   -1.8151
   -0.5273   -1.3826
   -1.5718   -1.0370
   -1.4074   -1.0856
   -1.8172   -0.5558
   -1.0694   -0.4846
   -1.6422   -1.5776
   -1.9548   -0.7135
   -1.5622   -1.1340
   -1.6141   -1.3021
   -1.7246   -1.6598
   -1.3733   -0.8000
   -1.3363   -0.4009
   -0.4393   -0.4744
   -0.1932   -1.1205
   -1.9156   -1.1848
   -1.7820   -1.0047
   -1.3586   -1.4988
   -1.7367   -1.4204
   -0.4912   -0.7412
   -0.9274   -0.3802
   -0.9064   -1.4179
   -0.6615   -0.8719
   -0.4452   -1.1821
   -0.2859   -0.7611
   -0.6868   -0.6863
   -0.7432   -1.1067
   -1.8233   -0.4224
   -1.7550   -0.8026
   -1.2620   -1.8334
   -1.3479   -1.6033
   -1.1061   -1.0811
   -1.1857   -1.4548
   -1.1809   -0.6041
   -1.6096   -0.7732
   -1.4535   -1.7073
   -1.3176   -1.3636
   -0.8931   -0.6823
   -1.0927   -1.8992
   -1.0318   -1.7300
   -0.3686   -0.9886
   -0.1805   -0.7096
   -0.6475   -1.5390
   -1.3066   -1.7524
   -1.6003   -0.4133
   -0.7895   -0.4530
   -0.4125   -0.7209
   -0.6402   -0.3552
   -0.9470   -1.5703
   -1.1722   -2.0063
   -0.1706   -0.5719
   -0.0166   -0.9194
   -1.8643   -1.0120
   -1.3602   -1.1764
   -0.5360   -0.5580
   -0.9807   -0.7253
   -0.4770   -0.9729
   -0.4788   -0.6479
   -1.7032   -0.6531
   -1.0512   -1.5547
   -0.8799   -1.8395
   -0.8245   -1.0413
   -1.7097   -1.2374
   -0.2341   -1.3667
   -1.1006   -1.4335
   -1.1985   -1.2401
   -0.6007   -1.2483
   -1.6475   -0.8637
   -1.2482   -1.9974
   -1.0339   -1.9928
   -0.8285   -1.2362
   -0.5731   -0.7657
   -1.8924   -0.5200
   -1.2557   -0.3201
   -1.3466   -0.9800
   -0.9277   -0.5765
   -1.5686   -1.3701
   -0.4170   -1.2564
   -1.8257   -1.5954
   -1.2230   -0.8751
   -0.6839   -0.7718
    0.0853   -0.7598
   -1.8395   -1.4448
   -0.7955   -0.9348
   -0.0813   -0.7077
   -0.9995   -1.4543
   -0.9225   -1.9519
   -0.6257   -0.9448

>> >> >> >> >> >> >> >> >> >> >> >> >> >> >> >> >> >> >> >> >> >> >> >> >> >> >> >> >> >> >> >> >> >> >> >> >> 