
                            < M A T L A B (R) >
                  Copyright 1984-2017 The MathWorks, Inc.
                   R2017a (9.2.0.556344) 64-bit (maci64)
                               March 27, 2017

 
To get started, type one of these: helpwin, helpdesk, or demo.
For product information, visit www.mathworks.com.
 
>> >> >> >> >> >> >> >> >> Printing average of AUC
>>   Columns 1 through 7

    0.7097    0.8056    0.8316    0.8240    0.8281    0.9267    0.9481
    0.8242    0.8638    0.8588    0.8616    0.8856    0.9122    0.9275
    0.7890    0.8427    0.8403    0.8430    0.8654    0.9040    0.9081

  Columns 8 through 12

    0.9512    0.9089    0.9237    0.9236    0.9291
    0.9360    0.8867    0.8873    0.8876    0.8850
    0.9039    0.9237    0.9296    0.9305    0.9288

>> Printing standard deviation of AUC
>>   Columns 1 through 7

    0.0288    0.0431    0.0167    0.0155    0.0190    0.0096    0.0086
    0.0205    0.0150    0.0162    0.0151    0.0116    0.0111    0.0217
    0.0170    0.0213    0.0178    0.0179    0.0285    0.0161    0.0211

  Columns 8 through 12

    0.0088    0.0173    0.0154    0.0153    0.0135
    0.0122    0.0228    0.0152    0.0195    0.0192
    0.0216    0.0143    0.0097    0.0106    0.0109

>> 