
                            < M A T L A B (R) >
                  Copyright 1984-2017 The MathWorks, Inc.
                   R2017a (9.2.0.556344) 64-bit (maci64)
                               March 27, 2017

 
To get started, type one of these: helpwin, helpdesk, or demo.
For product information, visit www.mathworks.com.
 
>> >> >> >> >> >> >> >> rm: *.npy: No such file or directory
>> >> Archive:  ../Results/com-dblpSeed0L4096M32K2048burn_in25000samples25000test_ratio0.1.npz
 extracting: AvgAUC.npy              
 extracting: TestAUCvector.npy       
 extracting: TestPPvector.npy        
 extracting: TrainAUCvector.npy      
 extracting: TrainPPvector.npy       
 extracting: TimeVector.npy          
>> >> >> >> >> Archive:  ../Results/com-dblpSeed0L4096M32K2048burn_in25000samples25000test_ratio0.1.npz
 extracting: AvgAUC.npy              
 extracting: TestAUCvector.npy       
 extracting: TestPPvector.npy        
 extracting: TrainAUCvector.npy      
 extracting: TrainPPvector.npy       
 extracting: TimeVector.npy          
>> >> >> >> >> >> >> >> >> >> 